My PID: 26570

From a new terminal type `kill -SIGINT 26570` or `kill -SIGTERM 26570` to stop processing packets

My ID: 4

List of resolved hosts is:
==========================
Path to output:
===============
/Users/michaelgysel/My Drive/Classes/CURRENT - S1 2021/CS-451 - Distributed Algorithms/Project/CS-451-Project-1/example/output/proc04.output

1
Human-readable IP: 127.0.0.1
Human-readable Port: 11001

2
Human-readable IP: 127.0.0.1
Human-readable Port: 11002

3
Human-readable IP: 127.0.0.1
Human-readable Port: 11003

4
Human-readable IP: 127.0.0.1
Human-readable Port: 11004

5
Human-readable IP: 127.0.0.1
Human-readable Port: 11005


Get Broadcast Configs
20
Path to config:
===============
../example/output/config

List of configs is:
==========================
1
M: 20

2
M: 20

3
M: 20

4
M: 20

5
M: 20


Doing some initialization

Broadcasting and delivering messages...

Immediately stopping network packet processing.
Writing output.
