My PID: 25954

From a new terminal type `kill -SIGINT 25954` or `kill -SIGTERM 25954` to stop processing packets

My ID: 7

List of resolved hosts is:
==========================
Path to output:
===============
/Users/michaelgysel/My Drive/Classes/CURRENT - S1 2021/CS-451 - Distributed Algorithms/Project/CS-451-Project-1/example/output/proc07.output

1
Human-readable IP: 127.0.0.1
Human-readable Port: 11001

2
Human-readable IP: 127.0.0.1
Human-readable Port: 11002

3
Human-readable IP: 127.0.0.1
Human-readable Port: 11003

4
Human-readable IP: 127.0.0.1
Human-readable Port: 11004

5
Human-readable IP: 127.0.0.1
Human-readable Port: 11005

6
Human-readable IP: 127.0.0.1
Human-readable Port: 11006

7
Human-readable IP: 127.0.0.1
Human-readable Port: 11007

8
Human-readable IP: 127.0.0.1
Human-readable Port: 11008

9
Human-readable IP: 127.0.0.1
Human-readable Port: 11009

10
Human-readable IP: 127.0.0.1
Human-readable Port: 11010


Get Broadcast Configs
10
Path to config:
===============
../example/output/config

List of configs is:
==========================
1
M: 10

2
M: 10

3
M: 10

4
M: 10

5
M: 10

6
M: 10

7
M: 10

8
M: 10

9
M: 10

10
M: 10


Doing some initialization

Broadcasting and delivering messages...

Immediately stopping network packet processing.
Writing output.
